<?xml version="1.0" encoding="UTF-8"?>
<!-- Generated by org.testng.reporters.JUnitXMLReporter -->
<testsuite ignored="0" hostname="Amals_HP_Envy" failures="0" tests="4" name="FirefoxTests" time="9.468" errors="0" timestamp="2026-05-28T16:28:19 EDT">
  <testcase classname="com.amalw.tests.RegistrationTest" name="testRegistration" time="3.49"/>
  <testcase classname="com.amalw.tests.RegistrationTest" name="testRegistration" time="3.673"/>
  <testcase classname="com.amalw.tests.RegistrationTest" name="testRegistration" time="3.14"/>
  <testcase classname="com.amalw.tests.RegistrationTest" name="testRegistration" time="2.254"/>
</testsuite> <!-- FirefoxTests -->
