<?xml version="1.0" encoding="UTF-8"?>
<!-- Generated by org.testng.reporters.JUnitReportReporter -->
<testsuite hostname="Amals_HP_Envy" failures="0" tests="12" name="com.amalw.tests.RegistrationTest" time="70.425" errors="0" timestamp="2026-05-28T16:28:23 EDT" skipped="0">
  <testcase classname="com.amalw.tests.RegistrationTest" name="testRegistration" time="4.745"/>
  <testcase classname="com.amalw.tests.RegistrationTest" name="testRegistration" time="4.820"/>
  <testcase classname="com.amalw.tests.RegistrationTest" name="testRegistration" time="8.334"/>
  <testcase classname="com.amalw.tests.RegistrationTest" name="testRegistration" time="6.331"/>
  <testcase classname="com.amalw.tests.RegistrationTest" name="testRegistration" time="4.059"/>
  <testcase classname="com.amalw.tests.RegistrationTest" name="testRegistration" time="4.881"/>
  <testcase classname="com.amalw.tests.RegistrationTest" name="testRegistration" time="4.029"/>
  <testcase classname="com.amalw.tests.RegistrationTest" name="testRegistration" time="12.302"/>
  <testcase classname="com.amalw.tests.RegistrationTest" name="testRegistration" time="7.944"/>
  <testcase classname="com.amalw.tests.RegistrationTest" name="testRegistration" time="3.964"/>
  <testcase classname="com.amalw.tests.RegistrationTest" name="testRegistration" time="4.913"/>
  <testcase classname="com.amalw.tests.RegistrationTest" name="testRegistration" time="4.103"/>
</testsuite> <!-- com.amalw.tests.RegistrationTest -->
